Build started 2021/5/23 下午 04:28:45.
     1>Project "C:\Users\MB606\Desktop\Project\Project\Course\109下\Integer Programming and Network Analysis\0853337_曹議濃_HW5\0853337_曹議濃_HW5\0853337_曹議濃_HW5.vcxproj" on node 2 (build target(s)).
     1>InitializeBuildStatus:
         Creating "Debug\0853337_曹議濃_HW5.unsuccessfulbuild" because "AlwaysCreate" was specified.
       ClCompile:
         All outputs are up-to-date.
         c:\Program Files (x86)\Microsoft Visual Studio 10.0\VC\bin\CL.exe /c /ZI /nologo /W3 /WX- /Od /Oy- /D WIN32 /D _DEBUG /D _CONSOLE /D _UNICODE /D UNICODE /Gm /EHsc /RTC1 /MDd /GS /fp:precise /Zc:wchar_t /Zc:forScope /Yu"StdAfx.h" /Fp"Debug\0853337_曹議濃_HW5.pch" /Fo"Debug\\" /Fd"Debug\vc100.pdb" /Gd /TP /analyze- /errorReport:prompt "0853337_曹議濃_HW5.cpp"
         0853337_曹議濃_HW5.cpp
     1>c:\users\mb606\desktop\project\project\course\109下\integer programming and network analysis\0853337_曹議濃_hw5\0853337_曹議濃_hw5\0853337_曹議濃_hw5.cpp(21): warning C4091: 'typedef ' : ignored on left of 'Arc' when no variable is declared
     1>c:\users\mb606\desktop\project\project\course\109下\integer programming and network analysis\0853337_曹議濃_hw5\0853337_曹議濃_hw5\0853337_曹議濃_hw5.cpp(31): warning C4091: 'typedef ' : ignored on left of 'Node' when no variable is declared
     1>c:\users\mb606\desktop\project\project\course\109下\integer programming and network analysis\0853337_曹議濃_hw5\0853337_曹議濃_hw5\0853337_曹議濃_hw5.cpp(73): warning C4244: '=' : conversion from 'double' to 'int', possible loss of data
     1>c:\users\mb606\desktop\project\project\course\109下\integer programming and network analysis\0853337_曹議濃_hw5\0853337_曹議濃_hw5\0853337_曹議濃_hw5.cpp(123): warning C4018: '<' : signed/unsigned mismatch
     1>c:\users\mb606\desktop\project\project\course\109下\integer programming and network analysis\0853337_曹議濃_hw5\0853337_曹議濃_hw5\0853337_曹議濃_hw5.cpp(149): warning C4018: '<' : signed/unsigned mismatch
     1>c:\users\mb606\desktop\project\project\course\109下\integer programming and network analysis\0853337_曹議濃_hw5\0853337_曹議濃_hw5\0853337_曹議濃_hw5.cpp(151): warning C4244: 'argument' : conversion from 'double' to 'unsigned int', possible loss of data
     1>c:\users\mb606\desktop\project\project\course\109下\integer programming and network analysis\0853337_曹議濃_hw5\0853337_曹議濃_hw5\0853337_曹議濃_hw5.cpp(151): warning C4244: 'argument' : conversion from 'double' to 'unsigned int', possible loss of data
     1>c:\users\mb606\desktop\project\project\course\109下\integer programming and network analysis\0853337_曹議濃_hw5\0853337_曹議濃_hw5\0853337_曹議濃_hw5.cpp(160): warning C4018: '<' : signed/unsigned mismatch
     1>c:\users\mb606\desktop\project\project\course\109下\integer programming and network analysis\0853337_曹議濃_hw5\0853337_曹議濃_hw5\0853337_曹議濃_hw5.cpp(163): warning C4018: '<' : signed/unsigned mismatch
     1>c:\users\mb606\desktop\project\project\course\109下\integer programming and network analysis\0853337_曹議濃_hw5\0853337_曹議濃_hw5\0853337_曹議濃_hw5.cpp(166): warning C4018: '<' : signed/unsigned mismatch
     1>c:\users\mb606\desktop\project\project\course\109下\integer programming and network analysis\0853337_曹議濃_hw5\0853337_曹議濃_hw5\0853337_曹議濃_hw5.cpp(178): warning C4018: '<' : signed/unsigned mismatch
     1>c:\users\mb606\desktop\project\project\course\109下\integer programming and network analysis\0853337_曹議濃_hw5\0853337_曹議濃_hw5\0853337_曹議濃_hw5.cpp(198): warning C4018: '<' : signed/unsigned mismatch
     1>c:\users\mb606\desktop\project\project\course\109下\integer programming and network analysis\0853337_曹議濃_hw5\0853337_曹議濃_hw5\0853337_曹議濃_hw5.cpp(250): warning C4018: '<' : signed/unsigned mismatch
     1>c:\users\mb606\desktop\project\project\course\109下\integer programming and network analysis\0853337_曹議濃_hw5\0853337_曹議濃_hw5\0853337_曹議濃_hw5.cpp(252): warning C4244: 'argument' : conversion from 'double' to 'const int', possible loss of data
     1>c:\users\mb606\desktop\project\project\course\109下\integer programming and network analysis\0853337_曹議濃_hw5\0853337_曹議濃_hw5\0853337_曹議濃_hw5.cpp(256): warning C4244: 'argument' : conversion from 'double' to 'const int', possible loss of data
     1>c:\users\mb606\desktop\project\project\course\109下\integer programming and network analysis\0853337_曹議濃_hw5\0853337_曹議濃_hw5\0853337_曹議濃_hw5.cpp(274): warning C4018: '<' : signed/unsigned mismatch
     1>c:\users\mb606\desktop\project\project\course\109下\integer programming and network analysis\0853337_曹議濃_hw5\0853337_曹議濃_hw5\0853337_曹議濃_hw5.cpp(286): warning C4018: '<' : signed/unsigned mismatch
     1>c:\users\mb606\desktop\project\project\course\109下\integer programming and network analysis\0853337_曹議濃_hw5\0853337_曹議濃_hw5\0853337_曹議濃_hw5.cpp(298): warning C4244: 'argument' : conversion from 'double' to 'const int', possible loss of data
     1>c:\users\mb606\desktop\project\project\course\109下\integer programming and network analysis\0853337_曹議濃_hw5\0853337_曹議濃_hw5\0853337_曹議濃_hw5.cpp(302): warning C4244: 'initializing' : conversion from 'double' to 'int', possible loss of data
     1>c:\users\mb606\desktop\project\project\course\109下\integer programming and network analysis\0853337_曹議濃_hw5\0853337_曹議濃_hw5\0853337_曹議濃_hw5.cpp(303): warning C4244: '=' : conversion from 'double' to 'int', possible loss of data
     1>c:\users\mb606\desktop\project\project\course\109下\integer programming and network analysis\0853337_曹議濃_hw5\0853337_曹議濃_hw5\0853337_曹議濃_hw5.cpp(309): warning C4018: '<' : signed/unsigned mismatch
     1>c:\users\mb606\desktop\project\project\course\109下\integer programming and network analysis\0853337_曹議濃_hw5\0853337_曹議濃_hw5\0853337_曹議濃_hw5.cpp(310): warning C4244: 'initializing' : conversion from 'double' to 'int', possible loss of data
     1>c:\users\mb606\desktop\project\project\course\109下\integer programming and network analysis\0853337_曹議濃_hw5\0853337_曹議濃_hw5\0853337_曹議濃_hw5.cpp(316): warning C4018: '<' : signed/unsigned mismatch
     1>c:\users\mb606\desktop\project\project\course\109下\integer programming and network analysis\0853337_曹議濃_hw5\0853337_曹議濃_hw5\0853337_曹議濃_hw5.cpp(317): warning C4244: 'initializing' : conversion from 'double' to 'int', possible loss of data
     1>c:\users\mb606\desktop\project\project\course\109下\integer programming and network analysis\0853337_曹議濃_hw5\0853337_曹議濃_hw5\0853337_曹議濃_hw5.cpp(332): warning C4018: '<' : signed/unsigned mismatch
     1>c:\users\mb606\desktop\project\project\course\109下\integer programming and network analysis\0853337_曹議濃_hw5\0853337_曹議濃_hw5\0853337_曹議濃_hw5.cpp(364): warning C4244: 'argument' : conversion from 'double' to 'unsigned int', possible loss of data
     1>c:\users\mb606\desktop\project\project\course\109下\integer programming and network analysis\0853337_曹議濃_hw5\0853337_曹議濃_hw5\0853337_曹議濃_hw5.cpp(365): warning C4244: 'argument' : conversion from 'double' to 'unsigned int', possible loss of data
     1>c:\users\mb606\desktop\project\project\course\109下\integer programming and network analysis\0853337_曹議濃_hw5\0853337_曹議濃_hw5\0853337_曹議濃_hw5.cpp(365): warning C4244: 'initializing' : conversion from 'double' to 'int', possible loss of data
     1>c:\users\mb606\desktop\project\project\course\109下\integer programming and network analysis\0853337_曹議濃_hw5\0853337_曹議濃_hw5\0853337_曹議濃_hw5.cpp(365): warning C4244: 'argument' : conversion from 'double' to 'unsigned int', possible loss of data
     1>c:\users\mb606\desktop\project\project\course\109下\integer programming and network analysis\0853337_曹議濃_hw5\0853337_曹議濃_hw5\0853337_曹議濃_hw5.cpp(366): warning C4244: 'argument' : conversion from 'double' to 'unsigned int', possible loss of data
     1>c:\users\mb606\desktop\project\project\course\109下\integer programming and network analysis\0853337_曹議濃_hw5\0853337_曹議濃_hw5\0853337_曹議濃_hw5.cpp(366): warning C4244: 'argument' : conversion from 'double' to 'unsigned int', possible loss of data
     1>c:\users\mb606\desktop\project\project\course\109下\integer programming and network analysis\0853337_曹議濃_hw5\0853337_曹議濃_hw5\0853337_曹議濃_hw5.cpp(367): warning C4244: 'argument' : conversion from 'double' to 'unsigned int', possible loss of data
     1>c:\users\mb606\desktop\project\project\course\109下\integer programming and network analysis\0853337_曹議濃_hw5\0853337_曹議濃_hw5\0853337_曹議濃_hw5.cpp(367): warning C4244: 'argument' : conversion from 'double' to 'unsigned int', possible loss of data
     1>c:\users\mb606\desktop\project\project\course\109下\integer programming and network analysis\0853337_曹議濃_hw5\0853337_曹議濃_hw5\0853337_曹議濃_hw5.cpp(368): warning C4244: 'argument' : conversion from 'double' to 'unsigned int', possible loss of data
     1>c:\users\mb606\desktop\project\project\course\109下\integer programming and network analysis\0853337_曹議濃_hw5\0853337_曹議濃_hw5\0853337_曹議濃_hw5.cpp(371): warning C4244: 'argument' : conversion from 'double' to 'unsigned int', possible loss of data
     1>c:\users\mb606\desktop\project\project\course\109下\integer programming and network analysis\0853337_曹議濃_hw5\0853337_曹議濃_hw5\0853337_曹議濃_hw5.cpp(372): warning C4244: 'argument' : conversion from 'double' to 'unsigned int', possible loss of data
     1>c:\users\mb606\desktop\project\project\course\109下\integer programming and network analysis\0853337_曹議濃_hw5\0853337_曹議濃_hw5\0853337_曹議濃_hw5.cpp(375): warning C4244: 'argument' : conversion from 'double' to 'unsigned int', possible loss of data
     1>c:\users\mb606\desktop\project\project\course\109下\integer programming and network analysis\0853337_曹議濃_hw5\0853337_曹議濃_hw5\0853337_曹議濃_hw5.cpp(375): warning C4244: 'argument' : conversion from 'double' to 'unsigned int', possible loss of data
     1>c:\users\mb606\desktop\project\project\course\109下\integer programming and network analysis\0853337_曹議濃_hw5\0853337_曹議濃_hw5\0853337_曹議濃_hw5.cpp(375): warning C4244: 'argument' : conversion from 'double' to 'unsigned int', possible loss of data
     1>c:\users\mb606\desktop\project\project\course\109下\integer programming and network analysis\0853337_曹議濃_hw5\0853337_曹議濃_hw5\0853337_曹議濃_hw5.cpp(376): warning C4244: 'argument' : conversion from 'double' to 'unsigned int', possible loss of data
     1>c:\users\mb606\desktop\project\project\course\109下\integer programming and network analysis\0853337_曹議濃_hw5\0853337_曹議濃_hw5\0853337_曹議濃_hw5.cpp(378): warning C4244: 'argument' : conversion from 'double' to 'unsigned int', possible loss of data
     1>c:\users\mb606\desktop\project\project\course\109下\integer programming and network analysis\0853337_曹議濃_hw5\0853337_曹議濃_hw5\0853337_曹議濃_hw5.cpp(378): warning C4244: 'argument' : conversion from 'double' to 'unsigned int', possible loss of data
     1>c:\users\mb606\desktop\project\project\course\109下\integer programming and network analysis\0853337_曹議濃_hw5\0853337_曹議濃_hw5\0853337_曹議濃_hw5.cpp(379): warning C4244: 'argument' : conversion from 'double' to 'unsigned int', possible loss of data
     1>c:\users\mb606\desktop\project\project\course\109下\integer programming and network analysis\0853337_曹議濃_hw5\0853337_曹議濃_hw5\0853337_曹議濃_hw5.cpp(379): warning C4244: 'argument' : conversion from 'double' to 'unsigned int', possible loss of data
     1>c:\users\mb606\desktop\project\project\course\109下\integer programming and network analysis\0853337_曹議濃_hw5\0853337_曹議濃_hw5\0853337_曹議濃_hw5.cpp(380): warning C4244: 'argument' : conversion from 'double' to 'unsigned int', possible loss of data
     1>c:\users\mb606\desktop\project\project\course\109下\integer programming and network analysis\0853337_曹議濃_hw5\0853337_曹議濃_hw5\0853337_曹議濃_hw5.cpp(387): warning C4244: 'argument' : conversion from 'double' to 'unsigned int', possible loss of data
     1>c:\users\mb606\desktop\project\project\course\109下\integer programming and network analysis\0853337_曹議濃_hw5\0853337_曹議濃_hw5\0853337_曹議濃_hw5.cpp(391): warning C4244: 'argument' : conversion from 'double' to 'unsigned int', possible loss of data
     1>c:\users\mb606\desktop\project\project\course\109下\integer programming and network analysis\0853337_曹議濃_hw5\0853337_曹議濃_hw5\0853337_曹議濃_hw5.cpp(392): warning C4018: '<' : signed/unsigned mismatch
     1>c:\users\mb606\desktop\project\project\course\109下\integer programming and network analysis\0853337_曹議濃_hw5\0853337_曹議濃_hw5\0853337_曹議濃_hw5.cpp(392): warning C4244: 'argument' : conversion from 'double' to 'unsigned int', possible loss of data
     1>c:\users\mb606\desktop\project\project\course\109下\integer programming and network analysis\0853337_曹議濃_hw5\0853337_曹議濃_hw5\0853337_曹議濃_hw5.cpp(412): warning C4244: 'argument' : conversion from 'double' to 'unsigned int', possible loss of data
     1>c:\users\mb606\desktop\project\project\course\109下\integer programming and network analysis\0853337_曹議濃_hw5\0853337_曹議濃_hw5\0853337_曹議濃_hw5.cpp(413): warning C4244: 'argument' : conversion from 'double' to 'unsigned int', possible loss of data
     1>c:\users\mb606\desktop\project\project\course\109下\integer programming and network analysis\0853337_曹議濃_hw5\0853337_曹議濃_hw5\0853337_曹議濃_hw5.cpp(413): warning C4244: 'initializing' : conversion from 'double' to 'int', possible loss of data
     1>c:\users\mb606\desktop\project\project\course\109下\integer programming and network analysis\0853337_曹議濃_hw5\0853337_曹議濃_hw5\0853337_曹議濃_hw5.cpp(413): warning C4244: 'argument' : conversion from 'double' to 'unsigned int', possible loss of data
     1>c:\users\mb606\desktop\project\project\course\109下\integer programming and network analysis\0853337_曹議濃_hw5\0853337_曹議濃_hw5\0853337_曹議濃_hw5.cpp(414): warning C4244: 'argument' : conversion from 'double' to 'unsigned int', possible loss of data
     1>c:\users\mb606\desktop\project\project\course\109下\integer programming and network analysis\0853337_曹議濃_hw5\0853337_曹議濃_hw5\0853337_曹議濃_hw5.cpp(414): warning C4244: 'argument' : conversion from 'double' to 'unsigned int', possible loss of data
     1>c:\users\mb606\desktop\project\project\course\109下\integer programming and network analysis\0853337_曹議濃_hw5\0853337_曹議濃_hw5\0853337_曹議濃_hw5.cpp(415): warning C4244: 'argument' : conversion from 'double' to 'unsigned int', possible loss of data
     1>c:\users\mb606\desktop\project\project\course\109下\integer programming and network analysis\0853337_曹議濃_hw5\0853337_曹議濃_hw5\0853337_曹議濃_hw5.cpp(415): warning C4244: 'argument' : conversion from 'double' to 'unsigned int', possible loss of data
     1>c:\users\mb606\desktop\project\project\course\109下\integer programming and network analysis\0853337_曹議濃_hw5\0853337_曹議濃_hw5\0853337_曹議濃_hw5.cpp(416): warning C4244: 'argument' : conversion from 'double' to 'unsigned int', possible loss of data
     1>c:\users\mb606\desktop\project\project\course\109下\integer programming and network analysis\0853337_曹議濃_hw5\0853337_曹議濃_hw5\0853337_曹議濃_hw5.cpp(419): warning C4244: 'argument' : conversion from 'double' to 'unsigned int', possible loss of data
     1>c:\users\mb606\desktop\project\project\course\109下\integer programming and network analysis\0853337_曹議濃_hw5\0853337_曹議濃_hw5\0853337_曹議濃_hw5.cpp(420): warning C4244: 'argument' : conversion from 'double' to 'unsigned int', possible loss of data
     1>c:\users\mb606\desktop\project\project\course\109下\integer programming and network analysis\0853337_曹議濃_hw5\0853337_曹議濃_hw5\0853337_曹議濃_hw5.cpp(423): warning C4244: 'argument' : conversion from 'double' to 'unsigned int', possible loss of data
     1>c:\users\mb606\desktop\project\project\course\109下\integer programming and network analysis\0853337_曹議濃_hw5\0853337_曹議濃_hw5\0853337_曹議濃_hw5.cpp(423): warning C4244: 'argument' : conversion from 'double' to 'unsigned int', possible loss of data
     1>c:\users\mb606\desktop\project\project\course\109下\integer programming and network analysis\0853337_曹議濃_hw5\0853337_曹議濃_hw5\0853337_曹議濃_hw5.cpp(423): warning C4244: 'argument' : conversion from 'double' to 'unsigned int', possible loss of data
     1>c:\users\mb606\desktop\project\project\course\109下\integer programming and network analysis\0853337_曹議濃_hw5\0853337_曹議濃_hw5\0853337_曹議濃_hw5.cpp(424): warning C4244: 'argument' : conversion from 'double' to 'unsigned int', possible loss of data
     1>c:\users\mb606\desktop\project\project\course\109下\integer programming and network analysis\0853337_曹議濃_hw5\0853337_曹議濃_hw5\0853337_曹議濃_hw5.cpp(426): warning C4244: 'argument' : conversion from 'double' to 'unsigned int', possible loss of data
     1>c:\users\mb606\desktop\project\project\course\109下\integer programming and network analysis\0853337_曹議濃_hw5\0853337_曹議濃_hw5\0853337_曹議濃_hw5.cpp(426): warning C4244: 'argument' : conversion from 'double' to 'unsigned int', possible loss of data
     1>c:\users\mb606\desktop\project\project\course\109下\integer programming and network analysis\0853337_曹議濃_hw5\0853337_曹議濃_hw5\0853337_曹議濃_hw5.cpp(427): warning C4244: 'argument' : conversion from 'double' to 'unsigned int', possible loss of data
     1>c:\users\mb606\desktop\project\project\course\109下\integer programming and network analysis\0853337_曹議濃_hw5\0853337_曹議濃_hw5\0853337_曹議濃_hw5.cpp(427): warning C4244: 'argument' : conversion from 'double' to 'unsigned int', possible loss of data
     1>c:\users\mb606\desktop\project\project\course\109下\integer programming and network analysis\0853337_曹議濃_hw5\0853337_曹議濃_hw5\0853337_曹議濃_hw5.cpp(428): warning C4244: 'argument' : conversion from 'double' to 'unsigned int', possible loss of data
     1>c:\users\mb606\desktop\project\project\course\109下\integer programming and network analysis\0853337_曹議濃_hw5\0853337_曹議濃_hw5\0853337_曹議濃_hw5.cpp(435): warning C4244: 'argument' : conversion from 'double' to 'unsigned int', possible loss of data
     1>c:\users\mb606\desktop\project\project\course\109下\integer programming and network analysis\0853337_曹議濃_hw5\0853337_曹議濃_hw5\0853337_曹議濃_hw5.cpp(439): warning C4244: 'argument' : conversion from 'double' to 'unsigned int', possible loss of data
     1>c:\users\mb606\desktop\project\project\course\109下\integer programming and network analysis\0853337_曹議濃_hw5\0853337_曹議濃_hw5\0853337_曹議濃_hw5.cpp(440): warning C4018: '<' : signed/unsigned mismatch
     1>c:\users\mb606\desktop\project\project\course\109下\integer programming and network analysis\0853337_曹議濃_hw5\0853337_曹議濃_hw5\0853337_曹議濃_hw5.cpp(440): warning C4244: 'argument' : conversion from 'double' to 'unsigned int', possible loss of data
     1>c:\users\mb606\desktop\project\project\course\109下\integer programming and network analysis\0853337_曹議濃_hw5\0853337_曹議濃_hw5\0853337_曹議濃_hw5.cpp(472): warning C4244: 'argument' : conversion from 'double' to 'const int', possible loss of data
     1>c:\users\mb606\desktop\project\project\course\109下\integer programming and network analysis\0853337_曹議濃_hw5\0853337_曹議濃_hw5\0853337_曹議濃_hw5.cpp(476): warning C4244: 'initializing' : conversion from 'double' to 'int', possible loss of data
     1>c:\users\mb606\desktop\project\project\course\109下\integer programming and network analysis\0853337_曹議濃_hw5\0853337_曹議濃_hw5\0853337_曹議濃_hw5.cpp(477): warning C4244: '=' : conversion from 'double' to 'int', possible loss of data
     1>c:\users\mb606\desktop\project\project\course\109下\integer programming and network analysis\0853337_曹議濃_hw5\0853337_曹議濃_hw5\0853337_曹議濃_hw5.cpp(483): warning C4018: '<' : signed/unsigned mismatch
     1>c:\users\mb606\desktop\project\project\course\109下\integer programming and network analysis\0853337_曹議濃_hw5\0853337_曹議濃_hw5\0853337_曹議濃_hw5.cpp(484): warning C4244: 'initializing' : conversion from 'double' to 'int', possible loss of data
     1>c:\users\mb606\desktop\project\project\course\109下\integer programming and network analysis\0853337_曹議濃_hw5\0853337_曹議濃_hw5\0853337_曹議濃_hw5.cpp(490): warning C4018: '<' : signed/unsigned mismatch
     1>c:\users\mb606\desktop\project\project\course\109下\integer programming and network analysis\0853337_曹議濃_hw5\0853337_曹議濃_hw5\0853337_曹議濃_hw5.cpp(491): warning C4244: 'initializing' : conversion from 'double' to 'int', possible loss of data
     1>c:\users\mb606\desktop\project\project\course\109下\integer programming and network analysis\0853337_曹議濃_hw5\0853337_曹議濃_hw5\0853337_曹議濃_hw5.cpp(496): warning C4018: '<' : signed/unsigned mismatch
     1>c:\users\mb606\desktop\project\project\course\109下\integer programming and network analysis\0853337_曹議濃_hw5\0853337_曹議濃_hw5\0853337_曹議濃_hw5.cpp(499): warning C4018: '<' : signed/unsigned mismatch
     1>c:\users\mb606\desktop\project\project\course\109下\integer programming and network analysis\0853337_曹議濃_hw5\0853337_曹議濃_hw5\0853337_曹議濃_hw5.cpp(501): warning C4244: 'argument' : conversion from 'double' to 'unsigned int', possible loss of data
     1>c:\users\mb606\desktop\project\project\course\109下\integer programming and network analysis\0853337_曹議濃_hw5\0853337_曹議濃_hw5\0853337_曹議濃_hw5.cpp(501): warning C4244: 'initializing' : conversion from 'double' to 'int', possible loss of data
     1>c:\users\mb606\desktop\project\project\course\109下\integer programming and network analysis\0853337_曹議濃_hw5\0853337_曹議濃_hw5\0853337_曹議濃_hw5.cpp(501): warning C4244: 'argument' : conversion from 'double' to 'unsigned int', possible loss of data
     1>c:\users\mb606\desktop\project\project\course\109下\integer programming and network analysis\0853337_曹議濃_hw5\0853337_曹議濃_hw5\0853337_曹議濃_hw5.cpp(513): warning C4018: '<' : signed/unsigned mismatch
     1>c:\users\mb606\desktop\project\project\course\109下\integer programming and network analysis\0853337_曹議濃_hw5\0853337_曹議濃_hw5\0853337_曹議濃_hw5.cpp(519): warning C4244: 'return' : conversion from 'double' to 'int', possible loss of data
       ManifestResourceCompile:
         All outputs are up-to-date.
       Link:
         c:\Program Files (x86)\Microsoft Visual Studio 10.0\VC\bin\link.exe /ERRORREPORT:PROMPT /OUT:"C:\Users\MB606\Desktop\Project\Project\Course\109下\Integer Programming and Network Analysis\0853337_曹議濃_HW5\Debug\0853337_曹議濃_HW5.exe" /INCREMENTAL /NOLOGO kernel32.lib user32.lib gdi32.lib winspool.lib comdlg32.lib advapi32.lib shell32.lib ole32.lib oleaut32.lib uuid.lib odbc32.lib odbccp32.lib /MANIFEST /ManifestFile:"Debug\0853337_曹議濃_HW5.exe.intermediate.manifest" /MANIFESTUAC:"level='asInvoker' uiAccess='false'" /DEBUG /PDB:"C:\Users\MB606\Desktop\Project\Project\Course\109下\Integer Programming and Network Analysis\0853337_曹議濃_HW5\Debug\0853337_曹議濃_HW5.pdb" /SUBSYSTEM:CONSOLE /TLBID:1 /DYNAMICBASE /NXCOMPAT /IMPLIB:"C:\Users\MB606\Desktop\Project\Project\Course\109下\Integer Programming and Network Analysis\0853337_曹議濃_HW5\Debug\0853337_曹議濃_HW5.lib" /MACHINE:X86 "Debug\0853337_曹議濃_HW5.exe.embed.manifest.res"
         "Debug\0853337_曹議濃_HW5.obj"
         Debug\stdafx.obj
       Manifest:
         C:\Program Files (x86)\Microsoft SDKs\Windows\v7.0A\bin\mt.exe /nologo /verbose /out:"Debug\0853337_曹議濃_HW5.exe.embed.manifest" /manifest "Debug\0853337_曹議濃_HW5.exe.intermediate.manifest"
         All outputs are up-to-date.
       LinkEmbedManifest:
         All outputs are up-to-date.
         0853337_曹議濃_HW5.vcxproj -> C:\Users\MB606\Desktop\Project\Project\Course\109下\Integer Programming and Network Analysis\0853337_曹議濃_HW5\Debug\0853337_曹議濃_HW5.exe
       FinalizeBuildStatus:
         Deleting file "Debug\0853337_曹議濃_HW5.unsuccessfulbuild".
         Touching "Debug\0853337_曹議濃_HW5.lastbuildstate".
     1>Done Building Project "C:\Users\MB606\Desktop\Project\Project\Course\109下\Integer Programming and Network Analysis\0853337_曹議濃_HW5\0853337_曹議濃_HW5\0853337_曹議濃_HW5.vcxproj" (build target(s)).

Build succeeded.

Time Elapsed 00:00:01.70
